2021-09-13 11:45:01 [31merror[39m: uncaughtException: dotenv is not defined
ReferenceError: dotenv is not defined
    at Object.<anonymous> (/home/prashant/Documents/node.js/node-framework/app.js:15:3)
    at Module._compile (node:internal/modules/cjs/loader:1101:14)
    at Object.Module._extensions..js (node:internal/modules/cjs/loader:1153:10)
    at Module.load (node:internal/modules/cjs/loader:981:32)
    at Function.Module._load (node:internal/modules/cjs/loader:822:12)
    at Module.require (node:internal/modules/cjs/loader:1005:19)
    at require (node:internal/modules/cjs/helpers:94:18)
    at Object.<anonymous> (/home/prashant/Documents/node.js/node-framework/server.js:1:13)
    at Module._compile (node:internal/modules/cjs/loader:1101:14)
    at Object.Module._extensions..js (node:internal/modules/cjs/loader:1153:10)
2021-09-13 11:45:15 [31merror[39m: uncaughtException: dotenv is not defined
ReferenceError: dotenv is not defined
    at Object.<anonymous> (/home/prashant/Documents/node.js/node-framework/app.js:15:3)
    at Module._compile (node:internal/modules/cjs/loader:1101:14)
    at Object.Module._extensions..js (node:internal/modules/cjs/loader:1153:10)
    at Module.load (node:internal/modules/cjs/loader:981:32)
    at Function.Module._load (node:internal/modules/cjs/loader:822:12)
    at Module.require (node:internal/modules/cjs/loader:1005:19)
    at require (node:internal/modules/cjs/helpers:94:18)
    at Object.<anonymous> (/home/prashant/Documents/node.js/node-framework/server.js:1:13)
    at Module._compile (node:internal/modules/cjs/loader:1101:14)
    at Object.Module._extensions..js (node:internal/modules/cjs/loader:1153:10)
2021-09-13 11:45:29 [31merror[39m: uncaughtException: logger is not a function
TypeError: logger is not a function
    at Object.<anonymous> (/home/prashant/Documents/node.js/node-framework/app.js:30:9)
    at Module._compile (node:internal/modules/cjs/loader:1101:14)
    at Object.Module._extensions..js (node:internal/modules/cjs/loader:1153:10)
    at Module.load (node:internal/modules/cjs/loader:981:32)
    at Function.Module._load (node:internal/modules/cjs/loader:822:12)
    at Module.require (node:internal/modules/cjs/loader:1005:19)
    at require (node:internal/modules/cjs/helpers:94:18)
    at Object.<anonymous> (/home/prashant/Documents/node.js/node-framework/server.js:1:13)
    at Module._compile (node:internal/modules/cjs/loader:1101:14)
    at Object.Module._extensions..js (node:internal/modules/cjs/loader:1153:10)
2021-09-13 11:45:53 [31merror[39m: uncaughtException: logger is not a function
TypeError: logger is not a function
    at Object.<anonymous> (/home/prashant/Documents/node.js/node-framework/app.js:30:9)
    at Module._compile (node:internal/modules/cjs/loader:1101:14)
    at Object.Module._extensions..js (node:internal/modules/cjs/loader:1153:10)
    at Module.load (node:internal/modules/cjs/loader:981:32)
    at Function.Module._load (node:internal/modules/cjs/loader:822:12)
    at Module.require (node:internal/modules/cjs/loader:1005:19)
    at require (node:internal/modules/cjs/helpers:94:18)
    at Object.<anonymous> (/home/prashant/Documents/node.js/node-framework/server.js:1:13)
    at Module._compile (node:internal/modules/cjs/loader:1101:14)
    at Object.Module._extensions..js (node:internal/modules/cjs/loader:1153:10)
2021-09-13 11:46:09 [31merror[39m: uncaughtException: logger is not a function
TypeError: logger is not a function
    at Object.<anonymous> (/home/prashant/Documents/node.js/node-framework/app.js:30:9)
    at Module._compile (node:internal/modules/cjs/loader:1101:14)
    at Object.Module._extensions..js (node:internal/modules/cjs/loader:1153:10)
    at Module.load (node:internal/modules/cjs/loader:981:32)
    at Function.Module._load (node:internal/modules/cjs/loader:822:12)
    at Module.require (node:internal/modules/cjs/loader:1005:19)
    at require (node:internal/modules/cjs/helpers:94:18)
    at Object.<anonymous> (/home/prashant/Documents/node.js/node-framework/server.js:1:13)
    at Module._compile (node:internal/modules/cjs/loader:1101:14)
    at Object.Module._extensions..js (node:internal/modules/cjs/loader:1153:10)
2021-09-13 11:46:56 [31merror[39m: uncaughtException: app.use() requires a middleware function
TypeError: app.use() requires a middleware function
    at Function.use (/home/prashant/Documents/node.js/node-framework/node_modules/express/lib/application.js:210:11)
    at Object.<anonymous> (/home/prashant/Documents/node.js/node-framework/app.js:30:5)
    at Module._compile (node:internal/modules/cjs/loader:1101:14)
    at Object.Module._extensions..js (node:internal/modules/cjs/loader:1153:10)
    at Module.load (node:internal/modules/cjs/loader:981:32)
    at Function.Module._load (node:internal/modules/cjs/loader:822:12)
    at Module.require (node:internal/modules/cjs/loader:1005:19)
    at require (node:internal/modules/cjs/helpers:94:18)
    at Object.<anonymous> (/home/prashant/Documents/node.js/node-framework/server.js:1:13)
    at Module._compile (node:internal/modules/cjs/loader:1101:14)
2021-09-13 11:47:43 [31merror[39m: uncaughtException: dotenv is not defined
ReferenceError: dotenv is not defined
    at Object.<anonymous> (/home/prashant/Documents/node.js/node-framework/app.js:16:3)
    at Module._compile (node:internal/modules/cjs/loader:1101:14)
    at Object.Module._extensions..js (node:internal/modules/cjs/loader:1153:10)
    at Module.load (node:internal/modules/cjs/loader:981:32)
    at Function.Module._load (node:internal/modules/cjs/loader:822:12)
    at Module.require (node:internal/modules/cjs/loader:1005:19)
    at require (node:internal/modules/cjs/helpers:94:18)
    at Object.<anonymous> (/home/prashant/Documents/node.js/node-framework/server.js:1:13)
    at Module._compile (node:internal/modules/cjs/loader:1101:14)
    at Object.Module._extensions..js (node:internal/modules/cjs/loader:1153:10)
2021-09-13 12:47:17 [31merror[39m: uncaughtException: next is not a function
TypeError: next is not a function
    at errorHandler (/home/prashant/Documents/node.js/node-framework/middlewares/error.middleware.js:19:5)
    at Object.<anonymous> (/home/prashant/Documents/node.js/node-framework/app.js:31:9)
    at Module._compile (node:internal/modules/cjs/loader:1101:14)
    at Object.Module._extensions..js (node:internal/modules/cjs/loader:1153:10)
    at Module.load (node:internal/modules/cjs/loader:981:32)
    at Function.Module._load (node:internal/modules/cjs/loader:822:12)
    at Module.require (node:internal/modules/cjs/loader:1005:19)
    at require (node:internal/modules/cjs/helpers:94:18)
    at Object.<anonymous> (/home/prashant/Documents/node.js/node-framework/server.js:1:13)
    at Module._compile (node:internal/modules/cjs/loader:1101:14)
2021-09-13 12:48:12 [31merror[39m: uncaughtException: Cannot read properties of undefined (reading 'status')
TypeError: Cannot read properties of undefined (reading 'status')
    at errorHandler (/home/prashant/Documents/node.js/node-framework/middlewares/error.middleware.js:7:22)
    at Object.<anonymous> (/home/prashant/Documents/node.js/node-framework/app.js:31:9)
    at Module._compile (node:internal/modules/cjs/loader:1101:14)
    at Object.Module._extensions..js (node:internal/modules/cjs/loader:1153:10)
    at Module.load (node:internal/modules/cjs/loader:981:32)
    at Function.Module._load (node:internal/modules/cjs/loader:822:12)
    at Module.require (node:internal/modules/cjs/loader:1005:19)
    at require (node:internal/modules/cjs/helpers:94:18)
    at Object.<anonymous> (/home/prashant/Documents/node.js/node-framework/server.js:1:13)
    at Module._compile (node:internal/modules/cjs/loader:1101:14)
2021-09-13 12:56:25 [31merror[39m: uncaughtException: err is not defined
ReferenceError: err is not defined
    at Object.<anonymous> (/home/prashant/Documents/node.js/node-framework/app.js:31:22)
    at Module._compile (node:internal/modules/cjs/loader:1101:14)
    at Object.Module._extensions..js (node:internal/modules/cjs/loader:1153:10)
    at Module.load (node:internal/modules/cjs/loader:981:32)
    at Function.Module._load (node:internal/modules/cjs/loader:822:12)
    at Module.require (node:internal/modules/cjs/loader:1005:19)
    at require (node:internal/modules/cjs/helpers:94:18)
    at Object.<anonymous> (/home/prashant/Documents/node.js/node-framework/server.js:1:13)
    at Module._compile (node:internal/modules/cjs/loader:1101:14)
    at Object.Module._extensions..js (node:internal/modules/cjs/loader:1153:10)
2021-09-13 13:00:55 [31merror[39m: uncaughtException: express is not defined
ReferenceError: express is not defined
    at Object.<anonymous> (/home/prashant/Documents/node.js/node-framework/middlewares/error.middleware.js:5:13)
    at Module._compile (node:internal/modules/cjs/loader:1101:14)
    at Object.Module._extensions..js (node:internal/modules/cjs/loader:1153:10)
    at Module.load (node:internal/modules/cjs/loader:981:32)
    at Function.Module._load (node:internal/modules/cjs/loader:822:12)
    at Module.require (node:internal/modules/cjs/loader:1005:19)
    at require (node:internal/modules/cjs/helpers:94:18)
    at Object.<anonymous> (/home/prashant/Documents/node.js/node-framework/app.js:11:22)
    at Module._compile (node:internal/modules/cjs/loader:1101:14)
    at Object.Module._extensions..js (node:internal/modules/cjs/loader:1153:10)
2021-09-13 13:01:41 [31merror[39m: uncaughtException: express is not defined
ReferenceError: express is not defined
    at Object.<anonymous> (/home/prashant/Documents/node.js/node-framework/middlewares/error.middleware.js:5:13)
    at Module._compile (node:internal/modules/cjs/loader:1101:14)
    at Object.Module._extensions..js (node:internal/modules/cjs/loader:1153:10)
    at Module.load (node:internal/modules/cjs/loader:981:32)
    at Function.Module._load (node:internal/modules/cjs/loader:822:12)
    at Module.require (node:internal/modules/cjs/loader:1005:19)
    at require (node:internal/modules/cjs/helpers:94:18)
    at Object.<anonymous> (/home/prashant/Documents/node.js/node-framework/app.js:11:22)
    at Module._compile (node:internal/modules/cjs/loader:1101:14)
    at Object.Module._extensions..js (node:internal/modules/cjs/loader:1153:10)
2021-09-13 13:01:48 [31merror[39m: uncaughtException: Unexpected end of input
/home/prashant/Documents/node.js/node-framework/middlewares/error.middleware.js:25



SyntaxError: Unexpected end of input
    at Object.compileFunction (node:vm:352:18)
    at wrapSafe (node:internal/modules/cjs/loader:1031:15)
    at Module._compile (node:internal/modules/cjs/loader:1065:27)
    at Object.Module._extensions..js (node:internal/modules/cjs/loader:1153:10)
    at Module.load (node:internal/modules/cjs/loader:981:32)
    at Function.Module._load (node:internal/modules/cjs/loader:822:12)
    at Module.require (node:internal/modules/cjs/loader:1005:19)
    at require (node:internal/modules/cjs/helpers:94:18)
    at Object.<anonymous> (/home/prashant/Documents/node.js/node-framework/app.js:11:22)
    at Module._compile (node:internal/modules/cjs/loader:1101:14)
2021-09-13 13:04:09 [31merror[39m: uncaughtException: errorHandler is not a function
TypeError: errorHandler is not a function
    at Object.<anonymous> (/home/prashant/Documents/node.js/node-framework/app.js:31:9)
    at Module._compile (node:internal/modules/cjs/loader:1101:14)
    at Object.Module._extensions..js (node:internal/modules/cjs/loader:1153:10)
    at Module.load (node:internal/modules/cjs/loader:981:32)
    at Function.Module._load (node:internal/modules/cjs/loader:822:12)
    at Module.require (node:internal/modules/cjs/loader:1005:19)
    at require (node:internal/modules/cjs/helpers:94:18)
    at Object.<anonymous> (/home/prashant/Documents/node.js/node-framework/server.js:1:13)
    at Module._compile (node:internal/modules/cjs/loader:1101:14)
    at Object.Module._extensions..js (node:internal/modules/cjs/loader:1153:10)
2021-09-13 13:04:26 [31merror[39m: uncaughtException: express is not defined
ReferenceError: express is not defined
    at Object.<anonymous> (/home/prashant/Documents/node.js/node-framework/middlewares/error.middleware.js:5:13)
    at Module._compile (node:internal/modules/cjs/loader:1101:14)
    at Object.Module._extensions..js (node:internal/modules/cjs/loader:1153:10)
    at Module.load (node:internal/modules/cjs/loader:981:32)
    at Function.Module._load (node:internal/modules/cjs/loader:822:12)
    at Module.require (node:internal/modules/cjs/loader:1005:19)
    at require (node:internal/modules/cjs/helpers:94:18)
    at Object.<anonymous> (/home/prashant/Documents/node.js/node-framework/app.js:11:22)
    at Module._compile (node:internal/modules/cjs/loader:1101:14)
    at Object.Module._extensions..js (node:internal/modules/cjs/loader:1153:10)
2021-09-13 13:04:44 [31merror[39m: uncaughtException: errorMiddleware is not defined
ReferenceError: errorMiddleware is not defined
    at Object.<anonymous> (/home/prashant/Documents/node.js/node-framework/middlewares/error.middleware.js:19:18)
    at Module._compile (node:internal/modules/cjs/loader:1101:14)
    at Object.Module._extensions..js (node:internal/modules/cjs/loader:1153:10)
    at Module.load (node:internal/modules/cjs/loader:981:32)
    at Function.Module._load (node:internal/modules/cjs/loader:822:12)
    at Module.require (node:internal/modules/cjs/loader:1005:19)
    at require (node:internal/modules/cjs/helpers:94:18)
    at Object.<anonymous> (/home/prashant/Documents/node.js/node-framework/app.js:11:22)
    at Module._compile (node:internal/modules/cjs/loader:1101:14)
    at Object.Module._extensions..js (node:internal/modules/cjs/loader:1153:10)
2021-09-13 13:05:16 [31merror[39m: uncaughtException: Cannot read properties of undefined (reading 'status')
TypeError: Cannot read properties of undefined (reading 'status')
    at errorHandler (/home/prashant/Documents/node.js/node-framework/middlewares/error.middleware.js:7:22)
    at Object.<anonymous> (/home/prashant/Documents/node.js/node-framework/app.js:31:9)
    at Module._compile (node:internal/modules/cjs/loader:1101:14)
    at Object.Module._extensions..js (node:internal/modules/cjs/loader:1153:10)
    at Module.load (node:internal/modules/cjs/loader:981:32)
    at Function.Module._load (node:internal/modules/cjs/loader:822:12)
    at Module.require (node:internal/modules/cjs/loader:1005:19)
    at require (node:internal/modules/cjs/helpers:94:18)
    at Object.<anonymous> (/home/prashant/Documents/node.js/node-framework/server.js:1:13)
    at Module._compile (node:internal/modules/cjs/loader:1101:14)
2021-09-13 13:07:04 [31merror[39m: uncaughtException: Cannot read properties of undefined (reading 'status')
TypeError: Cannot read properties of undefined (reading 'status')
    at errorHandler (/home/prashant/Documents/node.js/node-framework/middlewares/error.middleware.js:8:22)
    at Object.<anonymous> (/home/prashant/Documents/node.js/node-framework/app.js:31:9)
    at Module._compile (node:internal/modules/cjs/loader:1101:14)
    at Object.Module._extensions..js (node:internal/modules/cjs/loader:1153:10)
    at Module.load (node:internal/modules/cjs/loader:981:32)
    at Function.Module._load (node:internal/modules/cjs/loader:822:12)
    at Module.require (node:internal/modules/cjs/loader:1005:19)
    at require (node:internal/modules/cjs/helpers:94:18)
    at Object.<anonymous> (/home/prashant/Documents/node.js/node-framework/server.js:1:13)
    at Module._compile (node:internal/modules/cjs/loader:1101:14)
2021-09-13 13:07:18 [31merror[39m: uncaughtException: Cannot read properties of undefined (reading 'status')
TypeError: Cannot read properties of undefined (reading 'status')
    at errorHandler (/home/prashant/Documents/node.js/node-framework/middlewares/error.middleware.js:8:22)
    at Object.<anonymous> (/home/prashant/Documents/node.js/node-framework/app.js:31:9)
    at Module._compile (node:internal/modules/cjs/loader:1101:14)
    at Object.Module._extensions..js (node:internal/modules/cjs/loader:1153:10)
    at Module.load (node:internal/modules/cjs/loader:981:32)
    at Function.Module._load (node:internal/modules/cjs/loader:822:12)
    at Module.require (node:internal/modules/cjs/loader:1005:19)
    at require (node:internal/modules/cjs/helpers:94:18)
    at Object.<anonymous> (/home/prashant/Documents/node.js/node-framework/server.js:1:13)
    at Module._compile (node:internal/modules/cjs/loader:1101:14)
2021-09-13 13:15:32 [31merror[39m: uncaughtException: err is not defined
ReferenceError: err is not defined
    at Object.<anonymous> (/home/prashant/Documents/node.js/node-framework/app.js:31:22)
    at Module._compile (node:internal/modules/cjs/loader:1101:14)
    at Object.Module._extensions..js (node:internal/modules/cjs/loader:1153:10)
    at Module.load (node:internal/modules/cjs/loader:981:32)
    at Function.Module._load (node:internal/modules/cjs/loader:822:12)
    at Module.require (node:internal/modules/cjs/loader:1005:19)
    at require (node:internal/modules/cjs/helpers:94:18)
    at Object.<anonymous> (/home/prashant/Documents/node.js/node-framework/server.js:1:13)
    at Module._compile (node:internal/modules/cjs/loader:1101:14)
    at Object.Module._extensions..js (node:internal/modules/cjs/loader:1153:10)
2021-09-13 13:15:41 [31merror[39m: uncaughtException: err is not defined
ReferenceError: err is not defined
    at Object.<anonymous> (/home/prashant/Documents/node.js/node-framework/app.js:31:22)
    at Module._compile (node:internal/modules/cjs/loader:1101:14)
    at Object.Module._extensions..js (node:internal/modules/cjs/loader:1153:10)
    at Module.load (node:internal/modules/cjs/loader:981:32)
    at Function.Module._load (node:internal/modules/cjs/loader:822:12)
    at Module.require (node:internal/modules/cjs/loader:1005:19)
    at require (node:internal/modules/cjs/helpers:94:18)
    at Object.<anonymous> (/home/prashant/Documents/node.js/node-framework/server.js:1:13)
    at Module._compile (node:internal/modules/cjs/loader:1101:14)
    at Object.Module._extensions..js (node:internal/modules/cjs/loader:1153:10)
2021-09-13 13:18:35 [31merror[39m: uncaughtException: Cannot read properties of undefined (reading 'status')
TypeError: Cannot read properties of undefined (reading 'status')
    at errorHandler (/home/prashant/Documents/node.js/node-framework/middlewares/error.middleware.js:7:22)
    at Object.<anonymous> (/home/prashant/Documents/node.js/node-framework/app.js:31:9)
    at Module._compile (node:internal/modules/cjs/loader:1101:14)
    at Object.Module._extensions..js (node:internal/modules/cjs/loader:1153:10)
    at Module.load (node:internal/modules/cjs/loader:981:32)
    at Function.Module._load (node:internal/modules/cjs/loader:822:12)
    at Module.require (node:internal/modules/cjs/loader:1005:19)
    at require (node:internal/modules/cjs/helpers:94:18)
    at Object.<anonymous> (/home/prashant/Documents/node.js/node-framework/server.js:1:13)
    at Module._compile (node:internal/modules/cjs/loader:1101:14)
2021-09-13 13:19:18 [31merror[39m: uncaughtException: Cannot read properties of undefined (reading 'status')
TypeError: Cannot read properties of undefined (reading 'status')
    at errorHandler (/home/prashant/Documents/node.js/node-framework/middlewares/error.middleware.js:7:22)
    at Object.<anonymous> (/home/prashant/Documents/node.js/node-framework/app.js:31:9)
    at Module._compile (node:internal/modules/cjs/loader:1101:14)
    at Object.Module._extensions..js (node:internal/modules/cjs/loader:1153:10)
    at Module.load (node:internal/modules/cjs/loader:981:32)
    at Function.Module._load (node:internal/modules/cjs/loader:822:12)
    at Module.require (node:internal/modules/cjs/loader:1005:19)
    at require (node:internal/modules/cjs/helpers:94:18)
    at Object.<anonymous> (/home/prashant/Documents/node.js/node-framework/server.js:1:13)
    at Module._compile (node:internal/modules/cjs/loader:1101:14)
